[24-Jun-2021 21:42:58 UTC] PHP Warning:  call_user_func_array() expects parameter 1 to be a valid callback, function 'remove_content_editor' not found or invalid function name in C:\Users\COBNETCKNN\Local Sites\wpvmg\app\public\wp-includes\class-wp-hook.php on line 292
[24-Jun-2021 21:42:58 UTC] PHP Stack trace:
[24-Jun-2021 21:42:58 UTC] PHP   1. {main}() C:\Users\COBNETCKNN\Local Sites\wpvmg\app\public\wp-admin\post.php:0
[24-Jun-2021 21:42:58 UTC] PHP   2. require() C:\Users\COBNETCKNN\Local Sites\wpvmg\app\public\wp-admin\post.php:206
[24-Jun-2021 21:42:58 UTC] PHP   3. require_once() C:\Users\COBNETCKNN\Local Sites\wpvmg\app\public\wp-admin\edit-form-advanced.php:425
[24-Jun-2021 21:42:58 UTC] PHP   4. do_action() C:\Users\COBNETCKNN\Local Sites\wpvmg\app\public\wp-admin\admin-header.php:147
[24-Jun-2021 21:42:58 UTC] PHP   5. WP_Hook->do_action() C:\Users\COBNETCKNN\Local Sites\wpvmg\app\public\wp-includes\plugin.php:484
[24-Jun-2021 21:42:58 UTC] PHP   6. WP_Hook->apply_filters() C:\Users\COBNETCKNN\Local Sites\wpvmg\app\public\wp-includes\class-wp-hook.php:316
[24-Jun-2021 21:43:07 UTC] PHP Warning:  call_user_func_array() expects parameter 1 to be a valid callback, function 'remove_content_editor' not found or invalid function name in C:\Users\COBNETCKNN\Local Sites\wpvmg\app\public\wp-includes\class-wp-hook.php on line 292
[24-Jun-2021 21:43:07 UTC] PHP Stack trace:
[24-Jun-2021 21:43:07 UTC] PHP   1. {main}() C:\Users\COBNETCKNN\Local Sites\wpvmg\app\public\wp-admin\post.php:0
[24-Jun-2021 21:43:07 UTC] PHP   2. require() C:\Users\COBNETCKNN\Local Sites\wpvmg\app\public\wp-admin\post.php:206
[24-Jun-2021 21:43:07 UTC] PHP   3. require_once() C:\Users\COBNETCKNN\Local Sites\wpvmg\app\public\wp-admin\edit-form-advanced.php:425
[24-Jun-2021 21:43:07 UTC] PHP   4. do_action() C:\Users\COBNETCKNN\Local Sites\wpvmg\app\public\wp-admin\admin-header.php:147
[24-Jun-2021 21:43:07 UTC] PHP   5. WP_Hook->do_action() C:\Users\COBNETCKNN\Local Sites\wpvmg\app\public\wp-includes\plugin.php:484
[24-Jun-2021 21:43:07 UTC] PHP   6. WP_Hook->apply_filters() C:\Users\COBNETCKNN\Local Sites\wpvmg\app\public\wp-includes\class-wp-hook.php:316
[24-Jun-2021 21:43:26 UTC] PHP Warning:  call_user_func_array() expects parameter 1 to be a valid callback, function 'remove_content_editor' not found or invalid function name in C:\Users\COBNETCKNN\Local Sites\wpvmg\app\public\wp-includes\class-wp-hook.php on line 292
[24-Jun-2021 21:43:26 UTC] PHP Stack trace:
[24-Jun-2021 21:43:26 UTC] PHP   1. {main}() C:\Users\COBNETCKNN\Local Sites\wpvmg\app\public\wp-admin\post.php:0
[24-Jun-2021 21:43:26 UTC] PHP   2. require() C:\Users\COBNETCKNN\Local Sites\wpvmg\app\public\wp-admin\post.php:206
[24-Jun-2021 21:43:26 UTC] PHP   3. require_once() C:\Users\COBNETCKNN\Local Sites\wpvmg\app\public\wp-admin\edit-form-advanced.php:425
[24-Jun-2021 21:43:26 UTC] PHP   4. do_action() C:\Users\COBNETCKNN\Local Sites\wpvmg\app\public\wp-admin\admin-header.php:147
[24-Jun-2021 21:43:26 UTC] PHP   5. WP_Hook->do_action() C:\Users\COBNETCKNN\Local Sites\wpvmg\app\public\wp-includes\plugin.php:484
[24-Jun-2021 21:43:26 UTC] PHP   6. WP_Hook->apply_filters() C:\Users\COBNETCKNN\Local Sites\wpvmg\app\public\wp-includes\class-wp-hook.php:316
[24-Jun-2021 21:48:56 UTC] PHP Parse error:  syntax error, unexpected '}', expecting end of file in C:\Users\COBNETCKNN\Local Sites\wpvmg\app\public\wp-content\themes\VMGtheme\functions.php on line 55
[24-Jun-2021 21:48:56 UTC] PHP Parse error:  syntax error, unexpected '}', expecting end of file in C:\Users\COBNETCKNN\Local Sites\wpvmg\app\public\wp-content\themes\VMGtheme\functions.php on line 55
[24-Jun-2021 21:48:56 UTC] PHP Parse error:  syntax error, unexpected '}', expecting end of file in C:\Users\COBNETCKNN\Local Sites\wpvmg\app\public\wp-content\themes\VMGtheme\functions.php on line 55
[24-Jun-2021 21:48:56 UTC] PHP Parse error:  syntax error, unexpected '}', expecting end of file in C:\Users\COBNETCKNN\Local Sites\wpvmg\app\public\wp-content\themes\VMGtheme\functions.php on line 55
[24-Jun-2021 21:48:56 UTC] PHP Parse error:  syntax error, unexpected '}', expecting end of file in C:\Users\COBNETCKNN\Local Sites\wpvmg\app\public\wp-content\themes\VMGtheme\functions.php on line 55
[27-Jun-2021 20:36:41 UTC] PHP Parse error:  syntax error, unexpected end of file in C:\Users\COBNETCKNN\Local Sites\wpvmg\app\public\wp-content\themes\VMGtheme\front-page.php on line 81
[12-Jul-2021 17:00:19 UTC] PHP Warning:  ltrim() expects parameter 1 to be string, array given in C:\Users\COBNETCKNN\Local Sites\wpvmg\app\public\wp-includes\formatting.php on line 4315
[12-Jul-2021 17:00:19 UTC] PHP Stack trace:
[12-Jul-2021 17:00:19 UTC] PHP   1. {main}() C:\Users\COBNETCKNN\Local Sites\wpvmg\app\public\index.php:0
[12-Jul-2021 17:00:19 UTC] PHP   2. require() C:\Users\COBNETCKNN\Local Sites\wpvmg\app\public\index.php:17
[12-Jul-2021 17:00:19 UTC] PHP   3. require_once() C:\Users\COBNETCKNN\Local Sites\wpvmg\app\public\wp-blog-header.php:19
[12-Jul-2021 17:00:19 UTC] PHP   4. include() C:\Users\COBNETCKNN\Local Sites\wpvmg\app\public\wp-includes\template-loader.php:106
[12-Jul-2021 17:00:19 UTC] PHP   5. esc_url() C:\Users\COBNETCKNN\Local Sites\wpvmg\app\public\wp-content\themes\VMGtheme\front-page.php:135
[12-Jul-2021 17:00:19 UTC] PHP   6. ltrim() C:\Users\COBNETCKNN\Local Sites\wpvmg\app\public\wp-includes\formatting.php:4315
[12-Jul-2021 17:00:19 UTC] PHP Warning:  ltrim() expects parameter 1 to be string, array given in C:\Users\COBNETCKNN\Local Sites\wpvmg\app\public\wp-includes\formatting.php on line 4315
[12-Jul-2021 17:00:19 UTC] PHP Stack trace:
[12-Jul-2021 17:00:19 UTC] PHP   1. {main}() C:\Users\COBNETCKNN\Local Sites\wpvmg\app\public\index.php:0
[12-Jul-2021 17:00:19 UTC] PHP   2. require() C:\Users\COBNETCKNN\Local Sites\wpvmg\app\public\index.php:17
[12-Jul-2021 17:00:19 UTC] PHP   3. require_once() C:\Users\COBNETCKNN\Local Sites\wpvmg\app\public\wp-blog-header.php:19
[12-Jul-2021 17:00:19 UTC] PHP   4. include() C:\Users\COBNETCKNN\Local Sites\wpvmg\app\public\wp-includes\template-loader.php:106
[12-Jul-2021 17:00:19 UTC] PHP   5. esc_url() C:\Users\COBNETCKNN\Local Sites\wpvmg\app\public\wp-content\themes\VMGtheme\front-page.php:135
[12-Jul-2021 17:00:19 UTC] PHP   6. ltrim() C:\Users\COBNETCKNN\Local Sites\wpvmg\app\public\wp-includes\formatting.php:4315
[12-Jul-2021 17:00:19 UTC] PHP Warning:  ltrim() expects parameter 1 to be string, array given in C:\Users\COBNETCKNN\Local Sites\wpvmg\app\public\wp-includes\formatting.php on line 4315
[12-Jul-2021 17:00:19 UTC] PHP Stack trace:
[12-Jul-2021 17:00:19 UTC] PHP   1. {main}() C:\Users\COBNETCKNN\Local Sites\wpvmg\app\public\index.php:0
[12-Jul-2021 17:00:19 UTC] PHP   2. require() C:\Users\COBNETCKNN\Local Sites\wpvmg\app\public\index.php:17
[12-Jul-2021 17:00:19 UTC] PHP   3. require_once() C:\Users\COBNETCKNN\Local Sites\wpvmg\app\public\wp-blog-header.php:19
[12-Jul-2021 17:00:19 UTC] PHP   4. include() C:\Users\COBNETCKNN\Local Sites\wpvmg\app\public\wp-includes\template-loader.php:106
[12-Jul-2021 17:00:19 UTC] PHP   5. esc_url() C:\Users\COBNETCKNN\Local Sites\wpvmg\app\public\wp-content\themes\VMGtheme\front-page.php:135
[12-Jul-2021 17:00:19 UTC] PHP   6. ltrim() C:\Users\COBNETCKNN\Local Sites\wpvmg\app\public\wp-includes\formatting.php:4315
[12-Jul-2021 17:00:19 UTC] PHP Warning:  ltrim() expects parameter 1 to be string, array given in C:\Users\COBNETCKNN\Local Sites\wpvmg\app\public\wp-includes\formatting.php on line 4315
[12-Jul-2021 17:00:19 UTC] PHP Stack trace:
[12-Jul-2021 17:00:19 UTC] PHP   1. {main}() C:\Users\COBNETCKNN\Local Sites\wpvmg\app\public\index.php:0
[12-Jul-2021 17:00:19 UTC] PHP   2. require() C:\Users\COBNETCKNN\Local Sites\wpvmg\app\public\index.php:17
[12-Jul-2021 17:00:19 UTC] PHP   3. require_once() C:\Users\COBNETCKNN\Local Sites\wpvmg\app\public\wp-blog-header.php:19
[12-Jul-2021 17:00:19 UTC] PHP   4. include() C:\Users\COBNETCKNN\Local Sites\wpvmg\app\public\wp-includes\template-loader.php:106
[12-Jul-2021 17:00:19 UTC] PHP   5. esc_url() C:\Users\COBNETCKNN\Local Sites\wpvmg\app\public\wp-content\themes\VMGtheme\front-page.php:135
[12-Jul-2021 17:00:19 UTC] PHP   6. ltrim() C:\Users\COBNETCKNN\Local Sites\wpvmg\app\public\wp-includes\formatting.php:4315
[12-Jul-2021 17:00:19 UTC] PHP Warning:  ltrim() expects parameter 1 to be string, array given in C:\Users\COBNETCKNN\Local Sites\wpvmg\app\public\wp-includes\formatting.php on line 4315
[12-Jul-2021 17:00:19 UTC] PHP Stack trace:
[12-Jul-2021 17:00:19 UTC] PHP   1. {main}() C:\Users\COBNETCKNN\Local Sites\wpvmg\app\public\index.php:0
[12-Jul-2021 17:00:19 UTC] PHP   2. require() C:\Users\COBNETCKNN\Local Sites\wpvmg\app\public\index.php:17
[12-Jul-2021 17:00:19 UTC] PHP   3. require_once() C:\Users\COBNETCKNN\Local Sites\wpvmg\app\public\wp-blog-header.php:19
[12-Jul-2021 17:00:19 UTC] PHP   4. include() C:\Users\COBNETCKNN\Local Sites\wpvmg\app\public\wp-includes\template-loader.php:106
[12-Jul-2021 17:00:19 UTC] PHP   5. esc_url() C:\Users\COBNETCKNN\Local Sites\wpvmg\app\public\wp-content\themes\VMGtheme\front-page.php:135
[12-Jul-2021 17:00:19 UTC] PHP   6. ltrim() C:\Users\COBNETCKNN\Local Sites\wpvmg\app\public\wp-includes\formatting.php:4315
[12-Jul-2021 20:53:41 UTC] PHP Parse error:  syntax error, unexpected ''show_in_nav_menus'' (T_CONSTANT_ENCAPSED_STRING), expecting ')' in C:\Users\COBNETCKNN\Local Sites\wpvmg\app\public\wp-content\themes\VMGtheme\functions.php on line 90
[12-Jul-2021 20:53:41 UTC] PHP Parse error:  syntax error, unexpected ''show_in_nav_menus'' (T_CONSTANT_ENCAPSED_STRING), expecting ')' in C:\Users\COBNETCKNN\Local Sites\wpvmg\app\public\wp-content\themes\VMGtheme\functions.php on line 90
[12-Jul-2021 20:53:41 UTC] PHP Parse error:  syntax error, unexpected ''show_in_nav_menus'' (T_CONSTANT_ENCAPSED_STRING), expecting ')' in C:\Users\COBNETCKNN\Local Sites\wpvmg\app\public\wp-content\themes\VMGtheme\functions.php on line 90
[12-Jul-2021 20:53:42 UTC] PHP Parse error:  syntax error, unexpected ''show_in_nav_menus'' (T_CONSTANT_ENCAPSED_STRING), expecting ')' in C:\Users\COBNETCKNN\Local Sites\wpvmg\app\public\wp-content\themes\VMGtheme\functions.php on line 90
[12-Jul-2021 22:28:23 UTC] PHP Parse error:  syntax error, unexpected end of file in C:\Users\COBNETCKNN\Local Sites\wpvmg\app\public\wp-content\themes\VMGtheme\archive-service.php on line 68
[12-Jul-2021 22:28:23 UTC] PHP Parse error:  syntax error, unexpected end of file in C:\Users\COBNETCKNN\Local Sites\wpvmg\app\public\wp-content\themes\VMGtheme\archive-service.php on line 68
